2021-01-18 14:00:47,985 INFO 23020 [Timer] C:\Users\lpz\Projects\youtubeclone-egg\node_modules\egg-multipart\app\schedule\clean_tmpdir.js next time will execute after 52152016ms at 2021-01-19 04:30:00.001
2021-01-18 14:00:47,986 INFO 23020 [Timer] C:\Users\lpz\Projects\youtubeclone-egg\node_modules\egg-logrotator\app\schedule\clean_log.js next time will execute after 35952014ms at 2021-01-19 00:00:00.000
2021-01-18 14:00:47,986 INFO 23020 [Timer] C:\Users\lpz\Projects\youtubeclone-egg\node_modules\egg-logrotator\app\schedule\rotate_by_file.js next time will execute after 35953014ms at 2021-01-19 00:00:01.000
2021-01-18 14:00:47,853 INFO 24488 [egg-schedule]: register schedule C:\Users\lpz\Projects\youtubeclone-egg\node_modules\egg-multipart\app\schedule\clean_tmpdir.js
2021-01-18 14:00:47,853 INFO 24488 [egg-schedule]: register schedule C:\Users\lpz\Projects\youtubeclone-egg\node_modules\egg-logrotator\app\schedule\clean_log.js
2021-01-18 14:00:47,853 INFO 24488 [egg-schedule]: register schedule C:\Users\lpz\Projects\youtubeclone-egg\node_modules\egg-logrotator\app\schedule\rotate_by_file.js
2021-01-18 14:37:54,935 INFO 15792 [egg-schedule]: register schedule C:\Users\lpz\Projects\youtubeclone-egg\node_modules\egg-multipart\app\schedule\clean_tmpdir.js
2021-01-18 14:37:54,935 INFO 15792 [egg-schedule]: register schedule C:\Users\lpz\Projects\youtubeclone-egg\node_modules\egg-logrotator\app\schedule\clean_log.js
2021-01-18 14:37:54,935 INFO 15792 [egg-schedule]: register schedule C:\Users\lpz\Projects\youtubeclone-egg\node_modules\egg-logrotator\app\schedule\rotate_by_file.js
2021-01-18 14:38:01,195 INFO 22352 [egg-schedule]: register schedule C:\Users\lpz\Projects\youtubeclone-egg\node_modules\egg-multipart\app\schedule\clean_tmpdir.js
2021-01-18 14:38:01,195 INFO 22352 [egg-schedule]: register schedule C:\Users\lpz\Projects\youtubeclone-egg\node_modules\egg-logrotator\app\schedule\clean_log.js
2021-01-18 14:38:01,195 INFO 22352 [egg-schedule]: register schedule C:\Users\lpz\Projects\youtubeclone-egg\node_modules\egg-logrotator\app\schedule\rotate_by_file.js
2021-01-18 14:39:38,074 INFO 24380 [egg-schedule]: register schedule C:\Users\lpz\Projects\youtubeclone-egg\node_modules\egg-multipart\app\schedule\clean_tmpdir.js
2021-01-18 14:39:38,074 INFO 24380 [egg-schedule]: register schedule C:\Users\lpz\Projects\youtubeclone-egg\node_modules\egg-logrotator\app\schedule\clean_log.js
2021-01-18 14:39:38,074 INFO 24380 [egg-schedule]: register schedule C:\Users\lpz\Projects\youtubeclone-egg\node_modules\egg-logrotator\app\schedule\rotate_by_file.js
2021-01-18 14:40:37,522 INFO 28612 [egg-schedule]: register schedule C:\Users\lpz\Projects\youtubeclone-egg\node_modules\egg-multipart\app\schedule\clean_tmpdir.js
2021-01-18 14:40:37,522 INFO 28612 [egg-schedule]: register schedule C:\Users\lpz\Projects\youtubeclone-egg\node_modules\egg-logrotator\app\schedule\clean_log.js
2021-01-18 14:40:37,522 INFO 28612 [egg-schedule]: register schedule C:\Users\lpz\Projects\youtubeclone-egg\node_modules\egg-logrotator\app\schedule\rotate_by_file.js
2021-01-18 14:43:42,217 INFO 17044 [egg-schedule]: register schedule C:\Users\lpz\Projects\youtubeclone-egg\node_modules\egg-multipart\app\schedule\clean_tmpdir.js
2021-01-18 14:43:42,217 INFO 17044 [egg-schedule]: register schedule C:\Users\lpz\Projects\youtubeclone-egg\node_modules\egg-logrotator\app\schedule\clean_log.js
2021-01-18 14:43:42,217 INFO 17044 [egg-schedule]: register schedule C:\Users\lpz\Projects\youtubeclone-egg\node_modules\egg-logrotator\app\schedule\rotate_by_file.js
2021-01-18 14:45:51,748 INFO 28500 [egg-schedule]: register schedule C:\Users\lpz\Projects\youtubeclone-egg\node_modules\egg-multipart\app\schedule\clean_tmpdir.js
2021-01-18 14:45:51,748 INFO 28500 [egg-schedule]: register schedule C:\Users\lpz\Projects\youtubeclone-egg\node_modules\egg-logrotator\app\schedule\clean_log.js
2021-01-18 14:45:51,748 INFO 28500 [egg-schedule]: register schedule C:\Users\lpz\Projects\youtubeclone-egg\node_modules\egg-logrotator\app\schedule\rotate_by_file.js
2021-01-18 14:46:53,673 INFO 20828 [Timer] C:\Users\lpz\Projects\youtubeclone-egg\node_modules\egg-multipart\app\schedule\clean_tmpdir.js next time will execute after 49386329ms at 2021-01-19 04:30:00.002
2021-01-18 14:46:53,673 INFO 20828 [Timer] C:\Users\lpz\Projects\youtubeclone-egg\node_modules\egg-logrotator\app\schedule\clean_log.js next time will execute after 33186327ms at 2021-01-19 00:00:00.000
2021-01-18 14:46:53,674 INFO 20828 [Timer] C:\Users\lpz\Projects\youtubeclone-egg\node_modules\egg-logrotator\app\schedule\rotate_by_file.js next time will execute after 33187327ms at 2021-01-19 00:00:01.001
2021-01-18 14:46:53,550 INFO 11504 [egg-schedule]: register schedule C:\Users\lpz\Projects\youtubeclone-egg\node_modules\egg-multipart\app\schedule\clean_tmpdir.js
2021-01-18 14:46:53,550 INFO 11504 [egg-schedule]: register schedule C:\Users\lpz\Projects\youtubeclone-egg\node_modules\egg-logrotator\app\schedule\clean_log.js
2021-01-18 14:46:53,550 INFO 11504 [egg-schedule]: register schedule C:\Users\lpz\Projects\youtubeclone-egg\node_modules\egg-logrotator\app\schedule\rotate_by_file.js
2021-01-18 14:48:35,129 INFO 15328 [egg-schedule]: register schedule C:\Users\lpz\Projects\youtubeclone-egg\node_modules\egg-multipart\app\schedule\clean_tmpdir.js
2021-01-18 14:48:35,129 INFO 15328 [egg-schedule]: register schedule C:\Users\lpz\Projects\youtubeclone-egg\node_modules\egg-logrotator\app\schedule\clean_log.js
2021-01-18 14:48:35,129 INFO 15328 [egg-schedule]: register schedule C:\Users\lpz\Projects\youtubeclone-egg\node_modules\egg-logrotator\app\schedule\rotate_by_file.js
2021-01-18 14:48:41,832 INFO 28224 [Timer] C:\Users\lpz\Projects\youtubeclone-egg\node_modules\egg-multipart\app\schedule\clean_tmpdir.js next time will execute after 49278170ms at 2021-01-19 04:30:00.002
2021-01-18 14:48:41,833 INFO 28224 [Timer] C:\Users\lpz\Projects\youtubeclone-egg\node_modules\egg-logrotator\app\schedule\clean_log.js next time will execute after 33078167ms at 2021-01-19 00:00:00.000
2021-01-18 14:48:41,833 INFO 28224 [Timer] C:\Users\lpz\Projects\youtubeclone-egg\node_modules\egg-logrotator\app\schedule\rotate_by_file.js next time will execute after 33079167ms at 2021-01-19 00:00:01.000
2021-01-18 14:48:41,711 INFO 27192 [egg-schedule]: register schedule C:\Users\lpz\Projects\youtubeclone-egg\node_modules\egg-multipart\app\schedule\clean_tmpdir.js
2021-01-18 14:48:41,711 INFO 27192 [egg-schedule]: register schedule C:\Users\lpz\Projects\youtubeclone-egg\node_modules\egg-logrotator\app\schedule\clean_log.js
2021-01-18 14:48:41,711 INFO 27192 [egg-schedule]: register schedule C:\Users\lpz\Projects\youtubeclone-egg\node_modules\egg-logrotator\app\schedule\rotate_by_file.js
2021-01-18 14:53:11,939 INFO 28972 [egg-schedule]: register schedule C:\Users\lpz\Projects\youtubeclone-egg\node_modules\egg-multipart\app\schedule\clean_tmpdir.js
2021-01-18 14:53:11,939 INFO 28972 [egg-schedule]: register schedule C:\Users\lpz\Projects\youtubeclone-egg\node_modules\egg-logrotator\app\schedule\clean_log.js
2021-01-18 14:53:11,939 INFO 28972 [egg-schedule]: register schedule C:\Users\lpz\Projects\youtubeclone-egg\node_modules\egg-logrotator\app\schedule\rotate_by_file.js
2021-01-18 16:39:46,539 INFO 24056 [egg-schedule]: register schedule C:\Users\lpz\Projects\youtubeclone-egg\node_modules\egg-multipart\app\schedule\clean_tmpdir.js
2021-01-18 16:39:46,539 INFO 24056 [egg-schedule]: register schedule C:\Users\lpz\Projects\youtubeclone-egg\node_modules\egg-logrotator\app\schedule\clean_log.js
2021-01-18 16:39:46,539 INFO 24056 [egg-schedule]: register schedule C:\Users\lpz\Projects\youtubeclone-egg\node_modules\egg-logrotator\app\schedule\rotate_by_file.js
2021-01-18 16:40:59,996 INFO 19624 [Timer] C:\Users\lpz\Projects\youtubeclone-egg\node_modules\egg-multipart\app\schedule\clean_tmpdir.js next time will execute after 42540006ms at 2021-01-19 04:30:00.002
2021-01-18 16:40:59,996 INFO 19624 [Timer] C:\Users\lpz\Projects\youtubeclone-egg\node_modules\egg-logrotator\app\schedule\clean_log.js next time will execute after 26340004ms at 2021-01-19 00:00:00.000
2021-01-18 16:40:59,997 INFO 19624 [Timer] C:\Users\lpz\Projects\youtubeclone-egg\node_modules\egg-logrotator\app\schedule\rotate_by_file.js next time will execute after 26341004ms at 2021-01-19 00:00:01.001
2021-01-18 16:40:59,877 INFO 27060 [egg-schedule]: register schedule C:\Users\lpz\Projects\youtubeclone-egg\node_modules\egg-multipart\app\schedule\clean_tmpdir.js
2021-01-18 16:40:59,877 INFO 27060 [egg-schedule]: register schedule C:\Users\lpz\Projects\youtubeclone-egg\node_modules\egg-logrotator\app\schedule\clean_log.js
2021-01-18 16:40:59,877 INFO 27060 [egg-schedule]: register schedule C:\Users\lpz\Projects\youtubeclone-egg\node_modules\egg-logrotator\app\schedule\rotate_by_file.js
2021-01-18 16:41:51,382 INFO 21972 [egg-schedule]: register schedule C:\Users\lpz\Projects\youtubeclone-egg\node_modules\egg-multipart\app\schedule\clean_tmpdir.js
2021-01-18 16:41:51,382 INFO 21972 [egg-schedule]: register schedule C:\Users\lpz\Projects\youtubeclone-egg\node_modules\egg-logrotator\app\schedule\clean_log.js
2021-01-18 16:41:51,382 INFO 21972 [egg-schedule]: register schedule C:\Users\lpz\Projects\youtubeclone-egg\node_modules\egg-logrotator\app\schedule\rotate_by_file.js
2021-01-18 16:45:20,943 INFO 28404 [egg-schedule]: register schedule C:\Users\lpz\Projects\youtubeclone-egg\node_modules\egg-multipart\app\schedule\clean_tmpdir.js
2021-01-18 16:45:20,943 INFO 28404 [egg-schedule]: register schedule C:\Users\lpz\Projects\youtubeclone-egg\node_modules\egg-logrotator\app\schedule\clean_log.js
2021-01-18 16:45:20,943 INFO 28404 [egg-schedule]: register schedule C:\Users\lpz\Projects\youtubeclone-egg\node_modules\egg-logrotator\app\schedule\rotate_by_file.js
2021-01-18 16:46:32,682 INFO 16624 [egg-schedule]: register schedule C:\Users\lpz\Projects\youtubeclone-egg\node_modules\egg-multipart\app\schedule\clean_tmpdir.js
2021-01-18 16:46:32,682 INFO 16624 [egg-schedule]: register schedule C:\Users\lpz\Projects\youtubeclone-egg\node_modules\egg-logrotator\app\schedule\clean_log.js
2021-01-18 16:46:32,682 INFO 16624 [egg-schedule]: register schedule C:\Users\lpz\Projects\youtubeclone-egg\node_modules\egg-logrotator\app\schedule\rotate_by_file.js
2021-01-18 16:46:51,927 INFO 1816 [egg-schedule]: register schedule C:\Users\lpz\Projects\youtubeclone-egg\node_modules\egg-multipart\app\schedule\clean_tmpdir.js
2021-01-18 16:46:51,928 INFO 1816 [egg-schedule]: register schedule C:\Users\lpz\Projects\youtubeclone-egg\node_modules\egg-logrotator\app\schedule\clean_log.js
2021-01-18 16:46:51,928 INFO 1816 [egg-schedule]: register schedule C:\Users\lpz\Projects\youtubeclone-egg\node_modules\egg-logrotator\app\schedule\rotate_by_file.js
2021-01-18 16:47:21,391 INFO 7052 [egg-schedule]: register schedule C:\Users\lpz\Projects\youtubeclone-egg\node_modules\egg-multipart\app\schedule\clean_tmpdir.js
2021-01-18 16:47:21,391 INFO 7052 [egg-schedule]: register schedule C:\Users\lpz\Projects\youtubeclone-egg\node_modules\egg-logrotator\app\schedule\clean_log.js
2021-01-18 16:47:21,391 INFO 7052 [egg-schedule]: register schedule C:\Users\lpz\Projects\youtubeclone-egg\node_modules\egg-logrotator\app\schedule\rotate_by_file.js
2021-01-18 16:47:31,126 INFO 10108 [egg-schedule]: register schedule C:\Users\lpz\Projects\youtubeclone-egg\node_modules\egg-multipart\app\schedule\clean_tmpdir.js
2021-01-18 16:47:31,126 INFO 10108 [egg-schedule]: register schedule C:\Users\lpz\Projects\youtubeclone-egg\node_modules\egg-logrotator\app\schedule\clean_log.js
2021-01-18 16:47:31,126 INFO 10108 [egg-schedule]: register schedule C:\Users\lpz\Projects\youtubeclone-egg\node_modules\egg-logrotator\app\schedule\rotate_by_file.js
2021-01-18 16:47:39,264 INFO 18316 [egg-schedule]: register schedule C:\Users\lpz\Projects\youtubeclone-egg\node_modules\egg-multipart\app\schedule\clean_tmpdir.js
2021-01-18 16:47:39,264 INFO 18316 [egg-schedule]: register schedule C:\Users\lpz\Projects\youtubeclone-egg\node_modules\egg-logrotator\app\schedule\clean_log.js
2021-01-18 16:47:39,264 INFO 18316 [egg-schedule]: register schedule C:\Users\lpz\Projects\youtubeclone-egg\node_modules\egg-logrotator\app\schedule\rotate_by_file.js
2021-01-18 16:48:33,930 INFO 28444 [egg-schedule]: register schedule C:\Users\lpz\Projects\youtubeclone-egg\node_modules\egg-multipart\app\schedule\clean_tmpdir.js
2021-01-18 16:48:33,930 INFO 28444 [egg-schedule]: register schedule C:\Users\lpz\Projects\youtubeclone-egg\node_modules\egg-logrotator\app\schedule\clean_log.js
2021-01-18 16:48:33,930 INFO 28444 [egg-schedule]: register schedule C:\Users\lpz\Projects\youtubeclone-egg\node_modules\egg-logrotator\app\schedule\rotate_by_file.js
2021-01-18 16:48:58,777 INFO 18536 [egg-schedule]: register schedule C:\Users\lpz\Projects\youtubeclone-egg\node_modules\egg-multipart\app\schedule\clean_tmpdir.js
2021-01-18 16:48:58,777 INFO 18536 [egg-schedule]: register schedule C:\Users\lpz\Projects\youtubeclone-egg\node_modules\egg-logrotator\app\schedule\clean_log.js
2021-01-18 16:48:58,777 INFO 18536 [egg-schedule]: register schedule C:\Users\lpz\Projects\youtubeclone-egg\node_modules\egg-logrotator\app\schedule\rotate_by_file.js
2021-01-18 16:49:38,608 INFO 24292 [egg-schedule]: register schedule C:\Users\lpz\Projects\youtubeclone-egg\node_modules\egg-multipart\app\schedule\clean_tmpdir.js
2021-01-18 16:49:38,608 INFO 24292 [egg-schedule]: register schedule C:\Users\lpz\Projects\youtubeclone-egg\node_modules\egg-logrotator\app\schedule\clean_log.js
2021-01-18 16:49:38,608 INFO 24292 [egg-schedule]: register schedule C:\Users\lpz\Projects\youtubeclone-egg\node_modules\egg-logrotator\app\schedule\rotate_by_file.js
2021-01-18 16:51:28,260 INFO 26720 [egg-schedule]: register schedule C:\Users\lpz\Projects\youtubeclone-egg\node_modules\egg-multipart\app\schedule\clean_tmpdir.js
2021-01-18 16:51:28,260 INFO 26720 [egg-schedule]: register schedule C:\Users\lpz\Projects\youtubeclone-egg\node_modules\egg-logrotator\app\schedule\clean_log.js
2021-01-18 16:51:28,260 INFO 26720 [egg-schedule]: register schedule C:\Users\lpz\Projects\youtubeclone-egg\node_modules\egg-logrotator\app\schedule\rotate_by_file.js
2021-01-18 16:51:53,943 INFO 14144 [egg-schedule]: register schedule C:\Users\lpz\Projects\youtubeclone-egg\node_modules\egg-multipart\app\schedule\clean_tmpdir.js
2021-01-18 16:51:53,943 INFO 14144 [egg-schedule]: register schedule C:\Users\lpz\Projects\youtubeclone-egg\node_modules\egg-logrotator\app\schedule\clean_log.js
2021-01-18 16:51:53,943 INFO 14144 [egg-schedule]: register schedule C:\Users\lpz\Projects\youtubeclone-egg\node_modules\egg-logrotator\app\schedule\rotate_by_file.js
2021-01-18 16:52:03,270 INFO 2436 [egg-schedule]: register schedule C:\Users\lpz\Projects\youtubeclone-egg\node_modules\egg-multipart\app\schedule\clean_tmpdir.js
2021-01-18 16:52:03,270 INFO 2436 [egg-schedule]: register schedule C:\Users\lpz\Projects\youtubeclone-egg\node_modules\egg-logrotator\app\schedule\clean_log.js
2021-01-18 16:52:03,270 INFO 2436 [egg-schedule]: register schedule C:\Users\lpz\Projects\youtubeclone-egg\node_modules\egg-logrotator\app\schedule\rotate_by_file.js
2021-01-18 16:52:17,244 INFO 25800 [egg-schedule]: register schedule C:\Users\lpz\Projects\youtubeclone-egg\node_modules\egg-multipart\app\schedule\clean_tmpdir.js
2021-01-18 16:52:17,244 INFO 25800 [egg-schedule]: register schedule C:\Users\lpz\Projects\youtubeclone-egg\node_modules\egg-logrotator\app\schedule\clean_log.js
2021-01-18 16:52:17,244 INFO 25800 [egg-schedule]: register schedule C:\Users\lpz\Projects\youtubeclone-egg\node_modules\egg-logrotator\app\schedule\rotate_by_file.js
2021-01-18 16:52:25,849 INFO 4052 [egg-schedule]: register schedule C:\Users\lpz\Projects\youtubeclone-egg\node_modules\egg-multipart\app\schedule\clean_tmpdir.js
2021-01-18 16:52:25,849 INFO 4052 [egg-schedule]: register schedule C:\Users\lpz\Projects\youtubeclone-egg\node_modules\egg-logrotator\app\schedule\clean_log.js
2021-01-18 16:52:25,849 INFO 4052 [egg-schedule]: register schedule C:\Users\lpz\Projects\youtubeclone-egg\node_modules\egg-logrotator\app\schedule\rotate_by_file.js
2021-01-18 16:56:15,761 INFO 26476 [egg-schedule]: register schedule C:\Users\lpz\Projects\youtubeclone-egg\node_modules\egg-multipart\app\schedule\clean_tmpdir.js
2021-01-18 16:56:15,761 INFO 26476 [egg-schedule]: register schedule C:\Users\lpz\Projects\youtubeclone-egg\node_modules\egg-logrotator\app\schedule\clean_log.js
2021-01-18 16:56:15,761 INFO 26476 [egg-schedule]: register schedule C:\Users\lpz\Projects\youtubeclone-egg\node_modules\egg-logrotator\app\schedule\rotate_by_file.js
2021-01-18 16:56:23,022 INFO 14320 [egg-schedule]: register schedule C:\Users\lpz\Projects\youtubeclone-egg\node_modules\egg-multipart\app\schedule\clean_tmpdir.js
2021-01-18 16:56:23,022 INFO 14320 [egg-schedule]: register schedule C:\Users\lpz\Projects\youtubeclone-egg\node_modules\egg-logrotator\app\schedule\clean_log.js
2021-01-18 16:56:23,022 INFO 14320 [egg-schedule]: register schedule C:\Users\lpz\Projects\youtubeclone-egg\node_modules\egg-logrotator\app\schedule\rotate_by_file.js
2021-01-18 17:57:57,080 INFO 26536 [egg-schedule]: register schedule C:\Users\lpz\Projects\youtubeclone-egg\node_modules\egg-multipart\app\schedule\clean_tmpdir.js
2021-01-18 17:57:57,080 INFO 26536 [egg-schedule]: register schedule C:\Users\lpz\Projects\youtubeclone-egg\node_modules\egg-logrotator\app\schedule\clean_log.js
2021-01-18 17:57:57,080 INFO 26536 [egg-schedule]: register schedule C:\Users\lpz\Projects\youtubeclone-egg\node_modules\egg-logrotator\app\schedule\rotate_by_file.js
2021-01-18 17:57:57,510 INFO 16604 [Timer] C:\Users\lpz\Projects\youtubeclone-egg\node_modules\egg-multipart\app\schedule\clean_tmpdir.js next time will execute after 37922492ms at 2021-01-19 04:30:00.002
2021-01-18 17:57:57,510 INFO 16604 [Timer] C:\Users\lpz\Projects\youtubeclone-egg\node_modules\egg-logrotator\app\schedule\clean_log.js next time will execute after 21722490ms at 2021-01-19 00:00:00.000
2021-01-18 17:57:57,510 INFO 16604 [Timer] C:\Users\lpz\Projects\youtubeclone-egg\node_modules\egg-logrotator\app\schedule\rotate_by_file.js next time will execute after 21723490ms at 2021-01-19 00:00:01.000
2021-01-18 17:57:58,417 INFO 12852 [egg-schedule]: register schedule C:\Users\lpz\Projects\youtubeclone-egg\node_modules\egg-multipart\app\schedule\clean_tmpdir.js
2021-01-18 17:57:58,417 INFO 12852 [egg-schedule]: register schedule C:\Users\lpz\Projects\youtubeclone-egg\node_modules\egg-logrotator\app\schedule\clean_log.js
2021-01-18 17:57:58,417 INFO 12852 [egg-schedule]: register schedule C:\Users\lpz\Projects\youtubeclone-egg\node_modules\egg-logrotator\app\schedule\rotate_by_file.js
2021-01-18 17:59:28,956 INFO 3480 [egg-schedule]: register schedule C:\Users\lpz\Projects\youtubeclone-egg\node_modules\egg-multipart\app\schedule\clean_tmpdir.js
2021-01-18 17:59:28,956 INFO 3480 [egg-schedule]: register schedule C:\Users\lpz\Projects\youtubeclone-egg\node_modules\egg-logrotator\app\schedule\clean_log.js
2021-01-18 17:59:28,956 INFO 3480 [egg-schedule]: register schedule C:\Users\lpz\Projects\youtubeclone-egg\node_modules\egg-logrotator\app\schedule\rotate_by_file.js
2021-01-18 17:59:53,959 INFO 11300 [egg-schedule]: register schedule C:\Users\lpz\Projects\youtubeclone-egg\node_modules\egg-multipart\app\schedule\clean_tmpdir.js
2021-01-18 17:59:53,959 INFO 11300 [egg-schedule]: register schedule C:\Users\lpz\Projects\youtubeclone-egg\node_modules\egg-logrotator\app\schedule\clean_log.js
2021-01-18 17:59:53,959 INFO 11300 [egg-schedule]: register schedule C:\Users\lpz\Projects\youtubeclone-egg\node_modules\egg-logrotator\app\schedule\rotate_by_file.js
2021-01-18 18:01:04,947 INFO 25496 [egg-schedule]: register schedule C:\Users\lpz\Projects\youtubeclone-egg\node_modules\egg-multipart\app\schedule\clean_tmpdir.js
2021-01-18 18:01:04,948 INFO 25496 [egg-schedule]: register schedule C:\Users\lpz\Projects\youtubeclone-egg\node_modules\egg-logrotator\app\schedule\clean_log.js
2021-01-18 18:01:04,948 INFO 25496 [egg-schedule]: register schedule C:\Users\lpz\Projects\youtubeclone-egg\node_modules\egg-logrotator\app\schedule\rotate_by_file.js
2021-01-18 18:02:23,797 INFO 16896 [egg-schedule]: register schedule C:\Users\lpz\Projects\youtubeclone-egg\node_modules\egg-multipart\app\schedule\clean_tmpdir.js
2021-01-18 18:02:23,797 INFO 16896 [egg-schedule]: register schedule C:\Users\lpz\Projects\youtubeclone-egg\node_modules\egg-logrotator\app\schedule\clean_log.js
2021-01-18 18:02:23,797 INFO 16896 [egg-schedule]: register schedule C:\Users\lpz\Projects\youtubeclone-egg\node_modules\egg-logrotator\app\schedule\rotate_by_file.js
2021-01-18 18:04:43,848 INFO 17188 [egg-schedule]: register schedule C:\Users\lpz\Projects\youtubeclone-egg\node_modules\egg-multipart\app\schedule\clean_tmpdir.js
2021-01-18 18:04:43,848 INFO 17188 [egg-schedule]: register schedule C:\Users\lpz\Projects\youtubeclone-egg\node_modules\egg-logrotator\app\schedule\clean_log.js
2021-01-18 18:04:43,848 INFO 17188 [egg-schedule]: register schedule C:\Users\lpz\Projects\youtubeclone-egg\node_modules\egg-logrotator\app\schedule\rotate_by_file.js
2021-01-18 18:04:46,393 INFO 29356 [egg-schedule]: register schedule C:\Users\lpz\Projects\youtubeclone-egg\node_modules\egg-multipart\app\schedule\clean_tmpdir.js
2021-01-18 18:04:46,393 INFO 29356 [egg-schedule]: register schedule C:\Users\lpz\Projects\youtubeclone-egg\node_modules\egg-logrotator\app\schedule\clean_log.js
2021-01-18 18:04:46,393 INFO 29356 [egg-schedule]: register schedule C:\Users\lpz\Projects\youtubeclone-egg\node_modules\egg-logrotator\app\schedule\rotate_by_file.js
2021-01-18 18:05:19,148 INFO 8816 [egg-schedule]: register schedule C:\Users\lpz\Projects\youtubeclone-egg\node_modules\egg-multipart\app\schedule\clean_tmpdir.js
2021-01-18 18:05:19,148 INFO 8816 [egg-schedule]: register schedule C:\Users\lpz\Projects\youtubeclone-egg\node_modules\egg-logrotator\app\schedule\clean_log.js
2021-01-18 18:05:19,148 INFO 8816 [egg-schedule]: register schedule C:\Users\lpz\Projects\youtubeclone-egg\node_modules\egg-logrotator\app\schedule\rotate_by_file.js
2021-01-18 19:01:19,736 INFO 29652 [egg-schedule]: register schedule C:\Users\lpz\Projects\youtubeclone-egg\node_modules\egg-multipart\app\schedule\clean_tmpdir.js
2021-01-18 19:01:19,736 INFO 29652 [egg-schedule]: register schedule C:\Users\lpz\Projects\youtubeclone-egg\node_modules\egg-logrotator\app\schedule\clean_log.js
2021-01-18 19:01:19,736 INFO 29652 [egg-schedule]: register schedule C:\Users\lpz\Projects\youtubeclone-egg\node_modules\egg-logrotator\app\schedule\rotate_by_file.js
2021-01-18 19:01:20,201 INFO 8412 [Timer] C:\Users\lpz\Projects\youtubeclone-egg\node_modules\egg-multipart\app\schedule\clean_tmpdir.js next time will execute after 34119802ms at 2021-01-19 04:30:00.003
2021-01-18 19:01:20,201 INFO 8412 [Timer] C:\Users\lpz\Projects\youtubeclone-egg\node_modules\egg-logrotator\app\schedule\clean_log.js next time will execute after 17919799ms at 2021-01-19 00:00:00.000
2021-01-18 19:01:20,201 INFO 8412 [Timer] C:\Users\lpz\Projects\youtubeclone-egg\node_modules\egg-logrotator\app\schedule\rotate_by_file.js next time will execute after 17920799ms at 2021-01-19 00:00:01.000
2021-01-18 19:01:21,075 INFO 26228 [egg-schedule]: register schedule C:\Users\lpz\Projects\youtubeclone-egg\node_modules\egg-multipart\app\schedule\clean_tmpdir.js
2021-01-18 19:01:21,075 INFO 26228 [egg-schedule]: register schedule C:\Users\lpz\Projects\youtubeclone-egg\node_modules\egg-logrotator\app\schedule\clean_log.js
2021-01-18 19:01:21,075 INFO 26228 [egg-schedule]: register schedule C:\Users\lpz\Projects\youtubeclone-egg\node_modules\egg-logrotator\app\schedule\rotate_by_file.js
2021-01-18 19:14:09,158 INFO 20992 [egg-schedule]: register schedule C:\Users\lpz\Projects\youtubeclone-egg\node_modules\egg-multipart\app\schedule\clean_tmpdir.js
2021-01-18 19:14:09,158 INFO 20992 [egg-schedule]: register schedule C:\Users\lpz\Projects\youtubeclone-egg\node_modules\egg-logrotator\app\schedule\clean_log.js
2021-01-18 19:14:09,158 INFO 20992 [egg-schedule]: register schedule C:\Users\lpz\Projects\youtubeclone-egg\node_modules\egg-logrotator\app\schedule\rotate_by_file.js
2021-01-18 19:14:09,584 INFO 27888 [Timer] C:\Users\lpz\Projects\youtubeclone-egg\node_modules\egg-multipart\app\schedule\clean_tmpdir.js next time will execute after 33350418ms at 2021-01-19 04:30:00.002
2021-01-18 19:14:09,584 INFO 27888 [Timer] C:\Users\lpz\Projects\youtubeclone-egg\node_modules\egg-logrotator\app\schedule\clean_log.js next time will execute after 17150416ms at 2021-01-19 00:00:00.000
2021-01-18 19:14:09,585 INFO 27888 [Timer] C:\Users\lpz\Projects\youtubeclone-egg\node_modules\egg-logrotator\app\schedule\rotate_by_file.js next time will execute after 17151416ms at 2021-01-19 00:00:01.001
2021-01-18 19:15:05,562 INFO 29604 [egg-schedule]: register schedule C:\Users\lpz\Projects\youtubeclone-egg\node_modules\egg-multipart\app\schedule\clean_tmpdir.js
2021-01-18 19:15:05,562 INFO 29604 [egg-schedule]: register schedule C:\Users\lpz\Projects\youtubeclone-egg\node_modules\egg-logrotator\app\schedule\clean_log.js
2021-01-18 19:15:05,562 INFO 29604 [egg-schedule]: register schedule C:\Users\lpz\Projects\youtubeclone-egg\node_modules\egg-logrotator\app\schedule\rotate_by_file.js
2021-01-18 19:18:26,769 INFO 11236 [egg-schedule]: register schedule C:\Users\lpz\Projects\youtubeclone-egg\node_modules\egg-multipart\app\schedule\clean_tmpdir.js
2021-01-18 19:18:26,769 INFO 11236 [egg-schedule]: register schedule C:\Users\lpz\Projects\youtubeclone-egg\node_modules\egg-logrotator\app\schedule\clean_log.js
2021-01-18 19:18:26,769 INFO 11236 [egg-schedule]: register schedule C:\Users\lpz\Projects\youtubeclone-egg\node_modules\egg-logrotator\app\schedule\rotate_by_file.js
2021-01-18 19:19:18,578 INFO 26012 [egg-schedule]: register schedule C:\Users\lpz\Projects\youtubeclone-egg\node_modules\egg-multipart\app\schedule\clean_tmpdir.js
2021-01-18 19:19:18,578 INFO 26012 [egg-schedule]: register schedule C:\Users\lpz\Projects\youtubeclone-egg\node_modules\egg-logrotator\app\schedule\clean_log.js
2021-01-18 19:19:18,578 INFO 26012 [egg-schedule]: register schedule C:\Users\lpz\Projects\youtubeclone-egg\node_modules\egg-logrotator\app\schedule\rotate_by_file.js
2021-01-18 19:19:37,024 INFO 20152 [egg-schedule]: register schedule C:\Users\lpz\Projects\youtubeclone-egg\node_modules\egg-multipart\app\schedule\clean_tmpdir.js
2021-01-18 19:19:37,024 INFO 20152 [egg-schedule]: register schedule C:\Users\lpz\Projects\youtubeclone-egg\node_modules\egg-logrotator\app\schedule\clean_log.js
2021-01-18 19:19:37,024 INFO 20152 [egg-schedule]: register schedule C:\Users\lpz\Projects\youtubeclone-egg\node_modules\egg-logrotator\app\schedule\rotate_by_file.js
2021-01-18 19:20:13,659 INFO 19120 [egg-schedule]: register schedule C:\Users\lpz\Projects\youtubeclone-egg\node_modules\egg-multipart\app\schedule\clean_tmpdir.js
2021-01-18 19:20:13,659 INFO 19120 [egg-schedule]: register schedule C:\Users\lpz\Projects\youtubeclone-egg\node_modules\egg-logrotator\app\schedule\clean_log.js
2021-01-18 19:20:13,659 INFO 19120 [egg-schedule]: register schedule C:\Users\lpz\Projects\youtubeclone-egg\node_modules\egg-logrotator\app\schedule\rotate_by_file.js
2021-01-18 19:21:45,824 INFO 16692 [egg-schedule]: register schedule C:\Users\lpz\Projects\youtubeclone-egg\node_modules\egg-multipart\app\schedule\clean_tmpdir.js
2021-01-18 19:21:45,824 INFO 16692 [egg-schedule]: register schedule C:\Users\lpz\Projects\youtubeclone-egg\node_modules\egg-logrotator\app\schedule\clean_log.js
2021-01-18 19:21:45,824 INFO 16692 [egg-schedule]: register schedule C:\Users\lpz\Projects\youtubeclone-egg\node_modules\egg-logrotator\app\schedule\rotate_by_file.js
2021-01-18 19:27:14,602 INFO 26128 [egg-schedule]: register schedule C:\Users\lpz\Projects\youtubeclone-egg\node_modules\egg-multipart\app\schedule\clean_tmpdir.js
2021-01-18 19:27:14,602 INFO 26128 [egg-schedule]: register schedule C:\Users\lpz\Projects\youtubeclone-egg\node_modules\egg-logrotator\app\schedule\clean_log.js
2021-01-18 19:27:14,602 INFO 26128 [egg-schedule]: register schedule C:\Users\lpz\Projects\youtubeclone-egg\node_modules\egg-logrotator\app\schedule\rotate_by_file.js
2021-01-18 19:27:15,110 INFO 12480 [Timer] C:\Users\lpz\Projects\youtubeclone-egg\node_modules\egg-multipart\app\schedule\clean_tmpdir.js next time will execute after 32564893ms at 2021-01-19 04:30:00.003
2021-01-18 19:27:15,110 INFO 12480 [Timer] C:\Users\lpz\Projects\youtubeclone-egg\node_modules\egg-logrotator\app\schedule\clean_log.js next time will execute after 16364890ms at 2021-01-19 00:00:00.000
2021-01-18 19:27:15,110 INFO 12480 [Timer] C:\Users\lpz\Projects\youtubeclone-egg\node_modules\egg-logrotator\app\schedule\rotate_by_file.js next time will execute after 16365890ms at 2021-01-19 00:00:01.000
2021-01-18 19:28:23,705 INFO 4720 [egg-schedule]: register schedule C:\Users\lpz\Projects\youtubeclone-egg\node_modules\egg-multipart\app\schedule\clean_tmpdir.js
2021-01-18 19:28:23,705 INFO 4720 [egg-schedule]: register schedule C:\Users\lpz\Projects\youtubeclone-egg\node_modules\egg-logrotator\app\schedule\clean_log.js
2021-01-18 19:28:23,705 INFO 4720 [egg-schedule]: register schedule C:\Users\lpz\Projects\youtubeclone-egg\node_modules\egg-logrotator\app\schedule\rotate_by_file.js
2021-01-18 19:28:47,570 INFO 20784 [egg-schedule]: register schedule C:\Users\lpz\Projects\youtubeclone-egg\node_modules\egg-multipart\app\schedule\clean_tmpdir.js
2021-01-18 19:28:47,570 INFO 20784 [egg-schedule]: register schedule C:\Users\lpz\Projects\youtubeclone-egg\node_modules\egg-logrotator\app\schedule\clean_log.js
2021-01-18 19:28:47,570 INFO 20784 [egg-schedule]: register schedule C:\Users\lpz\Projects\youtubeclone-egg\node_modules\egg-logrotator\app\schedule\rotate_by_file.js
2021-01-18 19:30:36,106 INFO 27908 [egg-schedule]: register schedule C:\Users\lpz\Projects\youtubeclone-egg\node_modules\egg-multipart\app\schedule\clean_tmpdir.js
2021-01-18 19:30:36,106 INFO 27908 [egg-schedule]: register schedule C:\Users\lpz\Projects\youtubeclone-egg\node_modules\egg-logrotator\app\schedule\clean_log.js
2021-01-18 19:30:36,106 INFO 27908 [egg-schedule]: register schedule C:\Users\lpz\Projects\youtubeclone-egg\node_modules\egg-logrotator\app\schedule\rotate_by_file.js
2021-01-19 14:01:57,262 INFO 29572 [egg-schedule]: register schedule C:\Users\lpz\Projects\youtubeclone-egg\node_modules\egg-multipart\app\schedule\clean_tmpdir.js
2021-01-19 14:01:57,262 INFO 29572 [egg-schedule]: register schedule C:\Users\lpz\Projects\youtubeclone-egg\node_modules\egg-logrotator\app\schedule\clean_log.js
2021-01-19 14:01:57,262 INFO 29572 [egg-schedule]: register schedule C:\Users\lpz\Projects\youtubeclone-egg\node_modules\egg-logrotator\app\schedule\rotate_by_file.js
2021-01-19 14:01:57,714 INFO 30732 [Timer] C:\Users\lpz\Projects\youtubeclone-egg\node_modules\egg-multipart\app\schedule\clean_tmpdir.js next time will execute after 52082289ms at 2021-01-20 04:30:00.003
2021-01-19 14:01:57,714 INFO 30732 [Timer] C:\Users\lpz\Projects\youtubeclone-egg\node_modules\egg-logrotator\app\schedule\clean_log.js next time will execute after 35882286ms at 2021-01-20 00:00:00.000
2021-01-19 14:01:57,714 INFO 30732 [Timer] C:\Users\lpz\Projects\youtubeclone-egg\node_modules\egg-logrotator\app\schedule\rotate_by_file.js next time will execute after 35883286ms at 2021-01-20 00:00:01.000
2021-01-19 14:02:07,016 INFO 3272 [egg-schedule]: register schedule C:\Users\lpz\Projects\youtubeclone-egg\node_modules\egg-multipart\app\schedule\clean_tmpdir.js
2021-01-19 14:02:07,016 INFO 3272 [egg-schedule]: register schedule C:\Users\lpz\Projects\youtubeclone-egg\node_modules\egg-logrotator\app\schedule\clean_log.js
2021-01-19 14:02:07,016 INFO 3272 [egg-schedule]: register schedule C:\Users\lpz\Projects\youtubeclone-egg\node_modules\egg-logrotator\app\schedule\rotate_by_file.js
2021-01-19 14:04:07,450 INFO 17796 [egg-schedule]: register schedule C:\Users\lpz\Projects\youtubeclone-egg\node_modules\egg-multipart\app\schedule\clean_tmpdir.js
2021-01-19 14:04:07,450 INFO 17796 [egg-schedule]: register schedule C:\Users\lpz\Projects\youtubeclone-egg\node_modules\egg-logrotator\app\schedule\clean_log.js
2021-01-19 14:04:07,450 INFO 17796 [egg-schedule]: register schedule C:\Users\lpz\Projects\youtubeclone-egg\node_modules\egg-logrotator\app\schedule\rotate_by_file.js
2021-01-19 14:14:21,103 INFO 31508 [egg-schedule]: register schedule C:\Users\lpz\Projects\youtubeclone-egg\node_modules\egg-multipart\app\schedule\clean_tmpdir.js
2021-01-19 14:14:21,103 INFO 31508 [egg-schedule]: register schedule C:\Users\lpz\Projects\youtubeclone-egg\node_modules\egg-logrotator\app\schedule\clean_log.js
2021-01-19 14:14:21,103 INFO 31508 [egg-schedule]: register schedule C:\Users\lpz\Projects\youtubeclone-egg\node_modules\egg-logrotator\app\schedule\rotate_by_file.js
2021-01-19 14:14:28,943 INFO 16792 [egg-schedule]: register schedule C:\Users\lpz\Projects\youtubeclone-egg\node_modules\egg-multipart\app\schedule\clean_tmpdir.js
2021-01-19 14:14:28,943 INFO 16792 [egg-schedule]: register schedule C:\Users\lpz\Projects\youtubeclone-egg\node_modules\egg-logrotator\app\schedule\clean_log.js
2021-01-19 14:14:28,943 INFO 16792 [egg-schedule]: register schedule C:\Users\lpz\Projects\youtubeclone-egg\node_modules\egg-logrotator\app\schedule\rotate_by_file.js
2021-01-19 14:19:32,288 INFO 29476 [egg-schedule]: register schedule C:\Users\lpz\Projects\youtubeclone-egg\node_modules\egg-multipart\app\schedule\clean_tmpdir.js
2021-01-19 14:19:32,288 INFO 29476 [egg-schedule]: register schedule C:\Users\lpz\Projects\youtubeclone-egg\node_modules\egg-logrotator\app\schedule\clean_log.js
2021-01-19 14:19:32,288 INFO 29476 [egg-schedule]: register schedule C:\Users\lpz\Projects\youtubeclone-egg\node_modules\egg-logrotator\app\schedule\rotate_by_file.js
2021-01-19 15:06:44,941 INFO 716 [egg-schedule]: register schedule C:\Users\lpz\Projects\youtubeclone-egg\node_modules\egg-multipart\app\schedule\clean_tmpdir.js
2021-01-19 15:06:44,941 INFO 716 [egg-schedule]: register schedule C:\Users\lpz\Projects\youtubeclone-egg\node_modules\egg-logrotator\app\schedule\clean_log.js
2021-01-19 15:06:44,941 INFO 716 [egg-schedule]: register schedule C:\Users\lpz\Projects\youtubeclone-egg\node_modules\egg-logrotator\app\schedule\rotate_by_file.js
2021-01-19 15:06:46,318 INFO 19768 [egg-schedule]: register schedule C:\Users\lpz\Projects\youtubeclone-egg\node_modules\egg-multipart\app\schedule\clean_tmpdir.js
2021-01-19 15:06:46,318 INFO 19768 [egg-schedule]: register schedule C:\Users\lpz\Projects\youtubeclone-egg\node_modules\egg-logrotator\app\schedule\clean_log.js
2021-01-19 15:06:46,318 INFO 19768 [egg-schedule]: register schedule C:\Users\lpz\Projects\youtubeclone-egg\node_modules\egg-logrotator\app\schedule\rotate_by_file.js
2021-01-19 15:07:25,387 INFO 30888 [egg-schedule]: register schedule C:\Users\lpz\Projects\youtubeclone-egg\node_modules\egg-multipart\app\schedule\clean_tmpdir.js
2021-01-19 15:07:25,387 INFO 30888 [egg-schedule]: register schedule C:\Users\lpz\Projects\youtubeclone-egg\node_modules\egg-logrotator\app\schedule\clean_log.js
2021-01-19 15:07:25,387 INFO 30888 [egg-schedule]: register schedule C:\Users\lpz\Projects\youtubeclone-egg\node_modules\egg-logrotator\app\schedule\rotate_by_file.js
2021-01-19 15:10:15,644 INFO 26804 [egg-schedule]: register schedule C:\Users\lpz\Projects\youtubeclone-egg\node_modules\egg-multipart\app\schedule\clean_tmpdir.js
2021-01-19 15:10:15,644 INFO 26804 [egg-schedule]: register schedule C:\Users\lpz\Projects\youtubeclone-egg\node_modules\egg-logrotator\app\schedule\clean_log.js
2021-01-19 15:10:15,644 INFO 26804 [egg-schedule]: register schedule C:\Users\lpz\Projects\youtubeclone-egg\node_modules\egg-logrotator\app\schedule\rotate_by_file.js
2021-01-19 15:12:17,287 INFO 31840 [egg-schedule]: register schedule C:\Users\lpz\Projects\youtubeclone-egg\node_modules\egg-multipart\app\schedule\clean_tmpdir.js
2021-01-19 15:12:17,287 INFO 31840 [egg-schedule]: register schedule C:\Users\lpz\Projects\youtubeclone-egg\node_modules\egg-logrotator\app\schedule\clean_log.js
2021-01-19 15:12:17,287 INFO 31840 [egg-schedule]: register schedule C:\Users\lpz\Projects\youtubeclone-egg\node_modules\egg-logrotator\app\schedule\rotate_by_file.js
2021-01-19 15:26:24,508 INFO 30536 [egg-schedule]: register schedule C:\Users\lpz\Projects\youtubeclone-egg\node_modules\egg-multipart\app\schedule\clean_tmpdir.js
2021-01-19 15:26:24,508 INFO 30536 [egg-schedule]: register schedule C:\Users\lpz\Projects\youtubeclone-egg\node_modules\egg-logrotator\app\schedule\clean_log.js
2021-01-19 15:26:24,508 INFO 30536 [egg-schedule]: register schedule C:\Users\lpz\Projects\youtubeclone-egg\node_modules\egg-logrotator\app\schedule\rotate_by_file.js
2021-01-19 15:26:25,785 INFO 28624 [egg-schedule]: register schedule C:\Users\lpz\Projects\youtubeclone-egg\node_modules\egg-multipart\app\schedule\clean_tmpdir.js
2021-01-19 15:26:25,785 INFO 28624 [egg-schedule]: register schedule C:\Users\lpz\Projects\youtubeclone-egg\node_modules\egg-logrotator\app\schedule\clean_log.js
2021-01-19 15:26:25,785 INFO 28624 [egg-schedule]: register schedule C:\Users\lpz\Projects\youtubeclone-egg\node_modules\egg-logrotator\app\schedule\rotate_by_file.js
2021-01-19 15:27:31,434 INFO 29736 [egg-schedule]: register schedule C:\Users\lpz\Projects\youtubeclone-egg\node_modules\egg-multipart\app\schedule\clean_tmpdir.js
2021-01-19 15:27:31,434 INFO 29736 [egg-schedule]: register schedule C:\Users\lpz\Projects\youtubeclone-egg\node_modules\egg-logrotator\app\schedule\clean_log.js
2021-01-19 15:27:31,434 INFO 29736 [egg-schedule]: register schedule C:\Users\lpz\Projects\youtubeclone-egg\node_modules\egg-logrotator\app\schedule\rotate_by_file.js
2021-01-19 15:28:20,200 INFO 28860 [egg-schedule]: register schedule C:\Users\lpz\Projects\youtubeclone-egg\node_modules\egg-multipart\app\schedule\clean_tmpdir.js
2021-01-19 15:28:20,200 INFO 28860 [egg-schedule]: register schedule C:\Users\lpz\Projects\youtubeclone-egg\node_modules\egg-logrotator\app\schedule\clean_log.js
2021-01-19 15:28:20,200 INFO 28860 [egg-schedule]: register schedule C:\Users\lpz\Projects\youtubeclone-egg\node_modules\egg-logrotator\app\schedule\rotate_by_file.js
2021-01-19 15:28:28,412 INFO 31740 [egg-schedule]: register schedule C:\Users\lpz\Projects\youtubeclone-egg\node_modules\egg-multipart\app\schedule\clean_tmpdir.js
2021-01-19 15:28:28,412 INFO 31740 [egg-schedule]: register schedule C:\Users\lpz\Projects\youtubeclone-egg\node_modules\egg-logrotator\app\schedule\clean_log.js
2021-01-19 15:28:28,412 INFO 31740 [egg-schedule]: register schedule C:\Users\lpz\Projects\youtubeclone-egg\node_modules\egg-logrotator\app\schedule\rotate_by_file.js
2021-01-19 15:28:49,764 INFO 8728 [egg-schedule]: register schedule C:\Users\lpz\Projects\youtubeclone-egg\node_modules\egg-multipart\app\schedule\clean_tmpdir.js
2021-01-19 15:28:49,764 INFO 8728 [egg-schedule]: register schedule C:\Users\lpz\Projects\youtubeclone-egg\node_modules\egg-logrotator\app\schedule\clean_log.js
2021-01-19 15:28:49,764 INFO 8728 [egg-schedule]: register schedule C:\Users\lpz\Projects\youtubeclone-egg\node_modules\egg-logrotator\app\schedule\rotate_by_file.js
2021-01-19 15:28:50,207 INFO 29952 [Timer] C:\Users\lpz\Projects\youtubeclone-egg\node_modules\egg-multipart\app\schedule\clean_tmpdir.js next time will execute after 46869796ms at 2021-01-20 04:30:00.003
2021-01-19 15:28:50,208 INFO 29952 [Timer] C:\Users\lpz\Projects\youtubeclone-egg\node_modules\egg-logrotator\app\schedule\clean_log.js next time will execute after 30669793ms at 2021-01-20 00:00:00.001
2021-01-19 15:28:50,208 INFO 29952 [Timer] C:\Users\lpz\Projects\youtubeclone-egg\node_modules\egg-logrotator\app\schedule\rotate_by_file.js next time will execute after 30670792ms at 2021-01-20 00:00:01.000
2021-01-19 15:29:37,095 INFO 5224 [egg-schedule]: register schedule C:\Users\lpz\Projects\youtubeclone-egg\node_modules\egg-multipart\app\schedule\clean_tmpdir.js
2021-01-19 15:29:37,095 INFO 5224 [egg-schedule]: register schedule C:\Users\lpz\Projects\youtubeclone-egg\node_modules\egg-logrotator\app\schedule\clean_log.js
2021-01-19 15:29:37,095 INFO 5224 [egg-schedule]: register schedule C:\Users\lpz\Projects\youtubeclone-egg\node_modules\egg-logrotator\app\schedule\rotate_by_file.js
2021-01-19 15:29:37,721 INFO 28964 [Timer] C:\Users\lpz\Projects\youtubeclone-egg\node_modules\egg-multipart\app\schedule\clean_tmpdir.js next time will execute after 46822281ms at 2021-01-20 04:30:00.002
2021-01-19 15:29:37,721 INFO 28964 [Timer] C:\Users\lpz\Projects\youtubeclone-egg\node_modules\egg-logrotator\app\schedule\clean_log.js next time will execute after 30622279ms at 2021-01-20 00:00:00.000
2021-01-19 15:29:37,721 INFO 28964 [Timer] C:\Users\lpz\Projects\youtubeclone-egg\node_modules\egg-logrotator\app\schedule\rotate_by_file.js next time will execute after 30623279ms at 2021-01-20 00:00:01.000
2021-01-19 15:29:45,218 INFO 24232 [egg-schedule]: register schedule C:\Users\lpz\Projects\youtubeclone-egg\node_modules\egg-multipart\app\schedule\clean_tmpdir.js
2021-01-19 15:29:45,218 INFO 24232 [egg-schedule]: register schedule C:\Users\lpz\Projects\youtubeclone-egg\node_modules\egg-logrotator\app\schedule\clean_log.js
2021-01-19 15:29:45,218 INFO 24232 [egg-schedule]: register schedule C:\Users\lpz\Projects\youtubeclone-egg\node_modules\egg-logrotator\app\schedule\rotate_by_file.js
2021-01-19 15:30:37,028 INFO 30232 [egg-schedule]: register schedule C:\Users\lpz\Projects\youtubeclone-egg\node_modules\egg-multipart\app\schedule\clean_tmpdir.js
2021-01-19 15:30:37,028 INFO 30232 [egg-schedule]: register schedule C:\Users\lpz\Projects\youtubeclone-egg\node_modules\egg-logrotator\app\schedule\clean_log.js
2021-01-19 15:30:37,028 INFO 30232 [egg-schedule]: register schedule C:\Users\lpz\Projects\youtubeclone-egg\node_modules\egg-logrotator\app\schedule\rotate_by_file.js
2021-01-19 15:30:46,264 INFO 32544 [egg-schedule]: register schedule C:\Users\lpz\Projects\youtubeclone-egg\node_modules\egg-multipart\app\schedule\clean_tmpdir.js
2021-01-19 15:30:46,264 INFO 32544 [egg-schedule]: register schedule C:\Users\lpz\Projects\youtubeclone-egg\node_modules\egg-logrotator\app\schedule\clean_log.js
2021-01-19 15:30:46,264 INFO 32544 [egg-schedule]: register schedule C:\Users\lpz\Projects\youtubeclone-egg\node_modules\egg-logrotator\app\schedule\rotate_by_file.js
2021-01-19 15:30:53,040 INFO 20512 [egg-schedule]: register schedule C:\Users\lpz\Projects\youtubeclone-egg\node_modules\egg-multipart\app\schedule\clean_tmpdir.js
2021-01-19 15:30:53,040 INFO 20512 [egg-schedule]: register schedule C:\Users\lpz\Projects\youtubeclone-egg\node_modules\egg-logrotator\app\schedule\clean_log.js
2021-01-19 15:30:53,040 INFO 20512 [egg-schedule]: register schedule C:\Users\lpz\Projects\youtubeclone-egg\node_modules\egg-logrotator\app\schedule\rotate_by_file.js
2021-01-19 15:30:53,478 INFO 31208 [Timer] C:\Users\lpz\Projects\youtubeclone-egg\node_modules\egg-multipart\app\schedule\clean_tmpdir.js next time will execute after 46746524ms at 2021-01-20 04:30:00.002
2021-01-19 15:30:53,478 INFO 31208 [Timer] C:\Users\lpz\Projects\youtubeclone-egg\node_modules\egg-logrotator\app\schedule\clean_log.js next time will execute after 30546522ms at 2021-01-20 00:00:00.000
2021-01-19 15:30:53,479 INFO 31208 [Timer] C:\Users\lpz\Projects\youtubeclone-egg\node_modules\egg-logrotator\app\schedule\rotate_by_file.js next time will execute after 30547522ms at 2021-01-20 00:00:01.001
2021-01-19 15:31:14,259 INFO 16616 [egg-schedule]: register schedule C:\Users\lpz\Projects\youtubeclone-egg\node_modules\egg-multipart\app\schedule\clean_tmpdir.js
2021-01-19 15:31:14,259 INFO 16616 [egg-schedule]: register schedule C:\Users\lpz\Projects\youtubeclone-egg\node_modules\egg-logrotator\app\schedule\clean_log.js
2021-01-19 15:31:14,259 INFO 16616 [egg-schedule]: register schedule C:\Users\lpz\Projects\youtubeclone-egg\node_modules\egg-logrotator\app\schedule\rotate_by_file.js
2021-01-19 15:31:14,705 INFO 13508 [Timer] C:\Users\lpz\Projects\youtubeclone-egg\node_modules\egg-multipart\app\schedule\clean_tmpdir.js next time will execute after 46725297ms at 2021-01-20 04:30:00.002
2021-01-19 15:31:14,705 INFO 13508 [Timer] C:\Users\lpz\Projects\youtubeclone-egg\node_modules\egg-logrotator\app\schedule\clean_log.js next time will execute after 30525295ms at 2021-01-20 00:00:00.000
2021-01-19 15:31:14,705 INFO 13508 [Timer] C:\Users\lpz\Projects\youtubeclone-egg\node_modules\egg-logrotator\app\schedule\rotate_by_file.js next time will execute after 30526295ms at 2021-01-20 00:00:01.000
2021-01-19 15:32:24,151 INFO 32152 [egg-schedule]: register schedule C:\Users\lpz\Projects\youtubeclone-egg\node_modules\egg-multipart\app\schedule\clean_tmpdir.js
2021-01-19 15:32:24,151 INFO 32152 [egg-schedule]: register schedule C:\Users\lpz\Projects\youtubeclone-egg\node_modules\egg-logrotator\app\schedule\clean_log.js
2021-01-19 15:32:24,151 INFO 32152 [egg-schedule]: register schedule C:\Users\lpz\Projects\youtubeclone-egg\node_modules\egg-logrotator\app\schedule\rotate_by_file.js
2021-01-19 15:33:02,279 INFO 31240 [egg-schedule]: register schedule C:\Users\lpz\Projects\youtubeclone-egg\node_modules\egg-multipart\app\schedule\clean_tmpdir.js
2021-01-19 15:33:02,279 INFO 31240 [egg-schedule]: register schedule C:\Users\lpz\Projects\youtubeclone-egg\node_modules\egg-logrotator\app\schedule\clean_log.js
2021-01-19 15:33:02,279 INFO 31240 [egg-schedule]: register schedule C:\Users\lpz\Projects\youtubeclone-egg\node_modules\egg-logrotator\app\schedule\rotate_by_file.js
2021-01-19 15:33:31,439 INFO 3612 [egg-schedule]: register schedule C:\Users\lpz\Projects\youtubeclone-egg\node_modules\egg-multipart\app\schedule\clean_tmpdir.js
2021-01-19 15:33:31,439 INFO 3612 [egg-schedule]: register schedule C:\Users\lpz\Projects\youtubeclone-egg\node_modules\egg-logrotator\app\schedule\clean_log.js
2021-01-19 15:33:31,439 INFO 3612 [egg-schedule]: register schedule C:\Users\lpz\Projects\youtubeclone-egg\node_modules\egg-logrotator\app\schedule\rotate_by_file.js
2021-01-19 15:35:24,862 INFO 22708 [egg-schedule]: register schedule C:\Users\lpz\Projects\youtubeclone-egg\node_modules\egg-multipart\app\schedule\clean_tmpdir.js
2021-01-19 15:35:24,862 INFO 22708 [egg-schedule]: register schedule C:\Users\lpz\Projects\youtubeclone-egg\node_modules\egg-logrotator\app\schedule\clean_log.js
2021-01-19 15:35:24,862 INFO 22708 [egg-schedule]: register schedule C:\Users\lpz\Projects\youtubeclone-egg\node_modules\egg-logrotator\app\schedule\rotate_by_file.js
2021-01-19 15:36:30,893 INFO 22976 [egg-schedule]: register schedule C:\Users\lpz\Projects\youtubeclone-egg\node_modules\egg-multipart\app\schedule\clean_tmpdir.js
2021-01-19 15:36:30,893 INFO 22976 [egg-schedule]: register schedule C:\Users\lpz\Projects\youtubeclone-egg\node_modules\egg-logrotator\app\schedule\clean_log.js
2021-01-19 15:36:30,893 INFO 22976 [egg-schedule]: register schedule C:\Users\lpz\Projects\youtubeclone-egg\node_modules\egg-logrotator\app\schedule\rotate_by_file.js
2021-01-19 15:43:21,097 INFO 28248 [egg-schedule]: register schedule C:\Users\lpz\Projects\youtubeclone-egg\node_modules\egg-multipart\app\schedule\clean_tmpdir.js
2021-01-19 15:43:21,097 INFO 28248 [egg-schedule]: register schedule C:\Users\lpz\Projects\youtubeclone-egg\node_modules\egg-logrotator\app\schedule\clean_log.js
2021-01-19 15:43:21,097 INFO 28248 [egg-schedule]: register schedule C:\Users\lpz\Projects\youtubeclone-egg\node_modules\egg-logrotator\app\schedule\rotate_by_file.js
2021-01-19 15:43:21,549 INFO 528 [Timer] C:\Users\lpz\Projects\youtubeclone-egg\node_modules\egg-multipart\app\schedule\clean_tmpdir.js next time will execute after 45998453ms at 2021-01-20 04:30:00.002
2021-01-19 15:43:21,549 INFO 528 [Timer] C:\Users\lpz\Projects\youtubeclone-egg\node_modules\egg-logrotator\app\schedule\clean_log.js next time will execute after 29798451ms at 2021-01-20 00:00:00.000
2021-01-19 15:43:21,549 INFO 528 [Timer] C:\Users\lpz\Projects\youtubeclone-egg\node_modules\egg-logrotator\app\schedule\rotate_by_file.js next time will execute after 29799451ms at 2021-01-20 00:00:01.000
2021-01-19 16:11:35,725 INFO 25828 [egg-schedule]: register schedule C:\Users\lpz\Projects\youtubeclone-egg\node_modules\egg-multipart\app\schedule\clean_tmpdir.js
2021-01-19 16:11:35,725 INFO 25828 [egg-schedule]: register schedule C:\Users\lpz\Projects\youtubeclone-egg\node_modules\egg-logrotator\app\schedule\clean_log.js
2021-01-19 16:11:35,725 INFO 25828 [egg-schedule]: register schedule C:\Users\lpz\Projects\youtubeclone-egg\node_modules\egg-logrotator\app\schedule\rotate_by_file.js
2021-01-19 16:11:36,221 INFO 11872 [Timer] C:\Users\lpz\Projects\youtubeclone-egg\node_modules\egg-multipart\app\schedule\clean_tmpdir.js next time will execute after 44303781ms at 2021-01-20 04:30:00.002
2021-01-19 16:11:36,221 INFO 11872 [Timer] C:\Users\lpz\Projects\youtubeclone-egg\node_modules\egg-logrotator\app\schedule\clean_log.js next time will execute after 28103779ms at 2021-01-20 00:00:00.000
2021-01-19 16:11:36,222 INFO 11872 [Timer] C:\Users\lpz\Projects\youtubeclone-egg\node_modules\egg-logrotator\app\schedule\rotate_by_file.js next time will execute after 28104779ms at 2021-01-20 00:00:01.001
2021-01-19 16:11:36,587 INFO 23584 [egg-schedule]: register schedule C:\Users\lpz\Projects\youtubeclone-egg\node_modules\egg-multipart\app\schedule\clean_tmpdir.js
2021-01-19 16:11:36,588 INFO 23584 [egg-schedule]: register schedule C:\Users\lpz\Projects\youtubeclone-egg\node_modules\egg-logrotator\app\schedule\clean_log.js
2021-01-19 16:11:36,588 INFO 23584 [egg-schedule]: register schedule C:\Users\lpz\Projects\youtubeclone-egg\node_modules\egg-logrotator\app\schedule\rotate_by_file.js
2021-01-19 16:11:37,739 INFO 11436 [egg-schedule]: register schedule C:\Users\lpz\Projects\youtubeclone-egg\node_modules\egg-multipart\app\schedule\clean_tmpdir.js
2021-01-19 16:11:37,739 INFO 11436 [egg-schedule]: register schedule C:\Users\lpz\Projects\youtubeclone-egg\node_modules\egg-logrotator\app\schedule\clean_log.js
2021-01-19 16:11:37,739 INFO 11436 [egg-schedule]: register schedule C:\Users\lpz\Projects\youtubeclone-egg\node_modules\egg-logrotator\app\schedule\rotate_by_file.js
2021-01-19 16:12:00,346 INFO 23668 [egg-schedule]: register schedule C:\Users\lpz\Projects\youtubeclone-egg\node_modules\egg-multipart\app\schedule\clean_tmpdir.js
2021-01-19 16:12:00,346 INFO 23668 [egg-schedule]: register schedule C:\Users\lpz\Projects\youtubeclone-egg\node_modules\egg-logrotator\app\schedule\clean_log.js
2021-01-19 16:12:00,346 INFO 23668 [egg-schedule]: register schedule C:\Users\lpz\Projects\youtubeclone-egg\node_modules\egg-logrotator\app\schedule\rotate_by_file.js
2021-01-19 16:12:00,788 INFO 25212 [Timer] C:\Users\lpz\Projects\youtubeclone-egg\node_modules\egg-multipart\app\schedule\clean_tmpdir.js next time will execute after 44279215ms at 2021-01-20 04:30:00.003
2021-01-19 16:12:00,788 INFO 25212 [Timer] C:\Users\lpz\Projects\youtubeclone-egg\node_modules\egg-logrotator\app\schedule\clean_log.js next time will execute after 28079212ms at 2021-01-20 00:00:00.000
2021-01-19 16:12:00,788 INFO 25212 [Timer] C:\Users\lpz\Projects\youtubeclone-egg\node_modules\egg-logrotator\app\schedule\rotate_by_file.js next time will execute after 28080212ms at 2021-01-20 00:00:01.000
2021-01-19 16:44:17,929 INFO 31476 [egg-schedule]: register schedule C:\Users\lpz\Projects\youtubeclone-egg\node_modules\egg-multipart\app\schedule\clean_tmpdir.js
2021-01-19 16:44:17,929 INFO 31476 [egg-schedule]: register schedule C:\Users\lpz\Projects\youtubeclone-egg\node_modules\egg-logrotator\app\schedule\clean_log.js
2021-01-19 16:44:17,929 INFO 31476 [egg-schedule]: register schedule C:\Users\lpz\Projects\youtubeclone-egg\node_modules\egg-logrotator\app\schedule\rotate_by_file.js
2021-01-19 16:44:19,100 INFO 18592 [egg-schedule]: register schedule C:\Users\lpz\Projects\youtubeclone-egg\node_modules\egg-multipart\app\schedule\clean_tmpdir.js
2021-01-19 16:44:19,100 INFO 18592 [egg-schedule]: register schedule C:\Users\lpz\Projects\youtubeclone-egg\node_modules\egg-logrotator\app\schedule\clean_log.js
2021-01-19 16:44:19,100 INFO 18592 [egg-schedule]: register schedule C:\Users\lpz\Projects\youtubeclone-egg\node_modules\egg-logrotator\app\schedule\rotate_by_file.js
2021-01-19 16:44:20,236 INFO 17524 [egg-schedule]: register schedule C:\Users\lpz\Projects\youtubeclone-egg\node_modules\egg-multipart\app\schedule\clean_tmpdir.js
2021-01-19 16:44:20,236 INFO 17524 [egg-schedule]: register schedule C:\Users\lpz\Projects\youtubeclone-egg\node_modules\egg-logrotator\app\schedule\clean_log.js
2021-01-19 16:44:20,236 INFO 17524 [egg-schedule]: register schedule C:\Users\lpz\Projects\youtubeclone-egg\node_modules\egg-logrotator\app\schedule\rotate_by_file.js
2021-01-19 16:45:57,938 INFO 16840 [egg-schedule]: register schedule C:\Users\lpz\Projects\youtubeclone-egg\node_modules\egg-multipart\app\schedule\clean_tmpdir.js
2021-01-19 16:45:57,938 INFO 16840 [egg-schedule]: register schedule C:\Users\lpz\Projects\youtubeclone-egg\node_modules\egg-logrotator\app\schedule\clean_log.js
2021-01-19 16:45:57,938 INFO 16840 [egg-schedule]: register schedule C:\Users\lpz\Projects\youtubeclone-egg\node_modules\egg-logrotator\app\schedule\rotate_by_file.js
2021-01-19 16:46:02,813 INFO 29736 [egg-schedule]: register schedule C:\Users\lpz\Projects\youtubeclone-egg\node_modules\egg-multipart\app\schedule\clean_tmpdir.js
2021-01-19 16:46:02,813 INFO 29736 [egg-schedule]: register schedule C:\Users\lpz\Projects\youtubeclone-egg\node_modules\egg-logrotator\app\schedule\clean_log.js
2021-01-19 16:46:02,813 INFO 29736 [egg-schedule]: register schedule C:\Users\lpz\Projects\youtubeclone-egg\node_modules\egg-logrotator\app\schedule\rotate_by_file.js
2021-01-19 16:50:11,282 INFO 31424 [egg-schedule]: register schedule C:\Users\lpz\Projects\youtubeclone-egg\node_modules\egg-multipart\app\schedule\clean_tmpdir.js
2021-01-19 16:50:11,282 INFO 31424 [egg-schedule]: register schedule C:\Users\lpz\Projects\youtubeclone-egg\node_modules\egg-logrotator\app\schedule\clean_log.js
2021-01-19 16:50:11,282 INFO 31424 [egg-schedule]: register schedule C:\Users\lpz\Projects\youtubeclone-egg\node_modules\egg-logrotator\app\schedule\rotate_by_file.js
2021-01-19 16:54:03,422 INFO 22752 [egg-schedule]: register schedule C:\Users\lpz\Projects\youtubeclone-egg\node_modules\egg-multipart\app\schedule\clean_tmpdir.js
2021-01-19 16:54:03,422 INFO 22752 [egg-schedule]: register schedule C:\Users\lpz\Projects\youtubeclone-egg\node_modules\egg-logrotator\app\schedule\clean_log.js
2021-01-19 16:54:03,422 INFO 22752 [egg-schedule]: register schedule C:\Users\lpz\Projects\youtubeclone-egg\node_modules\egg-logrotator\app\schedule\rotate_by_file.js
2021-01-19 16:55:44,844 INFO 32604 [egg-schedule]: register schedule C:\Users\lpz\Projects\youtubeclone-egg\node_modules\egg-multipart\app\schedule\clean_tmpdir.js
2021-01-19 16:55:44,844 INFO 32604 [egg-schedule]: register schedule C:\Users\lpz\Projects\youtubeclone-egg\node_modules\egg-logrotator\app\schedule\clean_log.js
2021-01-19 16:55:44,844 INFO 32604 [egg-schedule]: register schedule C:\Users\lpz\Projects\youtubeclone-egg\node_modules\egg-logrotator\app\schedule\rotate_by_file.js
2021-01-19 16:55:48,316 INFO 31724 [egg-schedule]: register schedule C:\Users\lpz\Projects\youtubeclone-egg\node_modules\egg-multipart\app\schedule\clean_tmpdir.js
2021-01-19 16:55:48,316 INFO 31724 [egg-schedule]: register schedule C:\Users\lpz\Projects\youtubeclone-egg\node_modules\egg-logrotator\app\schedule\clean_log.js
2021-01-19 16:55:48,316 INFO 31724 [egg-schedule]: register schedule C:\Users\lpz\Projects\youtubeclone-egg\node_modules\egg-logrotator\app\schedule\rotate_by_file.js
2021-01-19 16:56:10,186 INFO 17988 [egg-schedule]: register schedule C:\Users\lpz\Projects\youtubeclone-egg\node_modules\egg-multipart\app\schedule\clean_tmpdir.js
2021-01-19 16:56:10,187 INFO 17988 [egg-schedule]: register schedule C:\Users\lpz\Projects\youtubeclone-egg\node_modules\egg-logrotator\app\schedule\clean_log.js
2021-01-19 16:56:10,187 INFO 17988 [egg-schedule]: register schedule C:\Users\lpz\Projects\youtubeclone-egg\node_modules\egg-logrotator\app\schedule\rotate_by_file.js
2021-01-19 16:57:01,324 INFO 26076 [egg-schedule]: register schedule C:\Users\lpz\Projects\youtubeclone-egg\node_modules\egg-multipart\app\schedule\clean_tmpdir.js
2021-01-19 16:57:01,324 INFO 26076 [egg-schedule]: register schedule C:\Users\lpz\Projects\youtubeclone-egg\node_modules\egg-logrotator\app\schedule\clean_log.js
2021-01-19 16:57:01,324 INFO 26076 [egg-schedule]: register schedule C:\Users\lpz\Projects\youtubeclone-egg\node_modules\egg-logrotator\app\schedule\rotate_by_file.js
2021-01-19 18:22:41,549 INFO 6596 [egg-schedule]: register schedule C:\Users\lpz\Projects\youtubeclone-egg\node_modules\egg-multipart\app\schedule\clean_tmpdir.js
2021-01-19 18:22:41,549 INFO 6596 [egg-schedule]: register schedule C:\Users\lpz\Projects\youtubeclone-egg\node_modules\egg-logrotator\app\schedule\clean_log.js
2021-01-19 18:22:41,549 INFO 6596 [egg-schedule]: register schedule C:\Users\lpz\Projects\youtubeclone-egg\node_modules\egg-logrotator\app\schedule\rotate_by_file.js
2021-01-19 18:22:43,006 INFO 29176 [egg-schedule]: register schedule C:\Users\lpz\Projects\youtubeclone-egg\node_modules\egg-multipart\app\schedule\clean_tmpdir.js
2021-01-19 18:22:43,006 INFO 29176 [egg-schedule]: register schedule C:\Users\lpz\Projects\youtubeclone-egg\node_modules\egg-logrotator\app\schedule\clean_log.js
2021-01-19 18:22:43,006 INFO 29176 [egg-schedule]: register schedule C:\Users\lpz\Projects\youtubeclone-egg\node_modules\egg-logrotator\app\schedule\rotate_by_file.js
2021-01-19 18:24:08,844 INFO 9952 [egg-schedule]: register schedule C:\Users\lpz\Projects\youtubeclone-egg\node_modules\egg-multipart\app\schedule\clean_tmpdir.js
2021-01-19 18:24:08,844 INFO 9952 [egg-schedule]: register schedule C:\Users\lpz\Projects\youtubeclone-egg\node_modules\egg-logrotator\app\schedule\clean_log.js
2021-01-19 18:24:08,844 INFO 9952 [egg-schedule]: register schedule C:\Users\lpz\Projects\youtubeclone-egg\node_modules\egg-logrotator\app\schedule\rotate_by_file.js
2021-01-19 18:30:47,785 INFO 19060 [egg-schedule]: register schedule C:\Users\lpz\Projects\youtubeclone-egg\node_modules\egg-multipart\app\schedule\clean_tmpdir.js
2021-01-19 18:30:47,785 INFO 19060 [egg-schedule]: register schedule C:\Users\lpz\Projects\youtubeclone-egg\node_modules\egg-logrotator\app\schedule\clean_log.js
2021-01-19 18:30:47,785 INFO 19060 [egg-schedule]: register schedule C:\Users\lpz\Projects\youtubeclone-egg\node_modules\egg-logrotator\app\schedule\rotate_by_file.js
2021-01-19 18:30:54,186 INFO 6736 [egg-schedule]: register schedule C:\Users\lpz\Projects\youtubeclone-egg\node_modules\egg-multipart\app\schedule\clean_tmpdir.js
2021-01-19 18:30:54,186 INFO 6736 [egg-schedule]: register schedule C:\Users\lpz\Projects\youtubeclone-egg\node_modules\egg-logrotator\app\schedule\clean_log.js
2021-01-19 18:30:54,186 INFO 6736 [egg-schedule]: register schedule C:\Users\lpz\Projects\youtubeclone-egg\node_modules\egg-logrotator\app\schedule\rotate_by_file.js
2021-01-19 18:31:40,602 INFO 5504 [egg-schedule]: register schedule C:\Users\lpz\Projects\youtubeclone-egg\node_modules\egg-multipart\app\schedule\clean_tmpdir.js
2021-01-19 18:31:40,602 INFO 5504 [egg-schedule]: register schedule C:\Users\lpz\Projects\youtubeclone-egg\node_modules\egg-logrotator\app\schedule\clean_log.js
2021-01-19 18:31:40,602 INFO 5504 [egg-schedule]: register schedule C:\Users\lpz\Projects\youtubeclone-egg\node_modules\egg-logrotator\app\schedule\rotate_by_file.js
2021-01-19 18:32:43,988 INFO 25424 [egg-schedule]: register schedule C:\Users\lpz\Projects\youtubeclone-egg\node_modules\egg-multipart\app\schedule\clean_tmpdir.js
2021-01-19 18:32:43,988 INFO 25424 [egg-schedule]: register schedule C:\Users\lpz\Projects\youtubeclone-egg\node_modules\egg-logrotator\app\schedule\clean_log.js
2021-01-19 18:32:43,988 INFO 25424 [egg-schedule]: register schedule C:\Users\lpz\Projects\youtubeclone-egg\node_modules\egg-logrotator\app\schedule\rotate_by_file.js
2021-01-19 18:32:59,389 INFO 6648 [egg-schedule]: register schedule C:\Users\lpz\Projects\youtubeclone-egg\node_modules\egg-multipart\app\schedule\clean_tmpdir.js
2021-01-19 18:32:59,389 INFO 6648 [egg-schedule]: register schedule C:\Users\lpz\Projects\youtubeclone-egg\node_modules\egg-logrotator\app\schedule\clean_log.js
2021-01-19 18:32:59,389 INFO 6648 [egg-schedule]: register schedule C:\Users\lpz\Projects\youtubeclone-egg\node_modules\egg-logrotator\app\schedule\rotate_by_file.js
2021-01-19 18:33:39,550 INFO 23904 [egg-schedule]: register schedule C:\Users\lpz\Projects\youtubeclone-egg\node_modules\egg-multipart\app\schedule\clean_tmpdir.js
2021-01-19 18:33:39,550 INFO 23904 [egg-schedule]: register schedule C:\Users\lpz\Projects\youtubeclone-egg\node_modules\egg-logrotator\app\schedule\clean_log.js
2021-01-19 18:33:39,550 INFO 23904 [egg-schedule]: register schedule C:\Users\lpz\Projects\youtubeclone-egg\node_modules\egg-logrotator\app\schedule\rotate_by_file.js
2021-01-19 18:33:45,828 INFO 29036 [egg-schedule]: register schedule C:\Users\lpz\Projects\youtubeclone-egg\node_modules\egg-multipart\app\schedule\clean_tmpdir.js
2021-01-19 18:33:45,828 INFO 29036 [egg-schedule]: register schedule C:\Users\lpz\Projects\youtubeclone-egg\node_modules\egg-logrotator\app\schedule\clean_log.js
2021-01-19 18:33:45,828 INFO 29036 [egg-schedule]: register schedule C:\Users\lpz\Projects\youtubeclone-egg\node_modules\egg-logrotator\app\schedule\rotate_by_file.js
2021-01-19 18:35:47,140 INFO 28912 [egg-schedule]: register schedule C:\Users\lpz\Projects\youtubeclone-egg\node_modules\egg-multipart\app\schedule\clean_tmpdir.js
2021-01-19 18:35:47,140 INFO 28912 [egg-schedule]: register schedule C:\Users\lpz\Projects\youtubeclone-egg\node_modules\egg-logrotator\app\schedule\clean_log.js
2021-01-19 18:35:47,140 INFO 28912 [egg-schedule]: register schedule C:\Users\lpz\Projects\youtubeclone-egg\node_modules\egg-logrotator\app\schedule\rotate_by_file.js
2021-01-19 18:51:41,826 INFO 15900 [egg-schedule]: register schedule C:\Users\lpz\Projects\youtubeclone-egg\node_modules\egg-multipart\app\schedule\clean_tmpdir.js
2021-01-19 18:51:41,826 INFO 15900 [egg-schedule]: register schedule C:\Users\lpz\Projects\youtubeclone-egg\node_modules\egg-logrotator\app\schedule\clean_log.js
2021-01-19 18:51:41,826 INFO 15900 [egg-schedule]: register schedule C:\Users\lpz\Projects\youtubeclone-egg\node_modules\egg-logrotator\app\schedule\rotate_by_file.js
2021-01-19 18:52:13,030 INFO 16100 [egg-schedule]: register schedule C:\Users\lpz\Projects\youtubeclone-egg\node_modules\egg-multipart\app\schedule\clean_tmpdir.js
2021-01-19 18:52:13,030 INFO 16100 [egg-schedule]: register schedule C:\Users\lpz\Projects\youtubeclone-egg\node_modules\egg-logrotator\app\schedule\clean_log.js
2021-01-19 18:52:13,030 INFO 16100 [egg-schedule]: register schedule C:\Users\lpz\Projects\youtubeclone-egg\node_modules\egg-logrotator\app\schedule\rotate_by_file.js
2021-01-19 18:52:23,893 INFO 4768 [egg-schedule]: register schedule C:\Users\lpz\Projects\youtubeclone-egg\node_modules\egg-multipart\app\schedule\clean_tmpdir.js
2021-01-19 18:52:23,893 INFO 4768 [egg-schedule]: register schedule C:\Users\lpz\Projects\youtubeclone-egg\node_modules\egg-logrotator\app\schedule\clean_log.js
2021-01-19 18:52:23,893 INFO 4768 [egg-schedule]: register schedule C:\Users\lpz\Projects\youtubeclone-egg\node_modules\egg-logrotator\app\schedule\rotate_by_file.js
2021-01-19 18:52:24,371 INFO 30948 [Timer] C:\Users\lpz\Projects\youtubeclone-egg\node_modules\egg-multipart\app\schedule\clean_tmpdir.js next time will execute after 34655631ms at 2021-01-20 04:30:00.002
2021-01-19 18:52:24,371 INFO 30948 [Timer] C:\Users\lpz\Projects\youtubeclone-egg\node_modules\egg-logrotator\app\schedule\clean_log.js next time will execute after 18455629ms at 2021-01-20 00:00:00.000
2021-01-19 18:52:24,371 INFO 30948 [Timer] C:\Users\lpz\Projects\youtubeclone-egg\node_modules\egg-logrotator\app\schedule\rotate_by_file.js next time will execute after 18456629ms at 2021-01-20 00:00:01.000
2021-01-19 18:53:00,400 INFO 7224 [egg-schedule]: register schedule C:\Users\lpz\Projects\youtubeclone-egg\node_modules\egg-multipart\app\schedule\clean_tmpdir.js
2021-01-19 18:53:00,401 INFO 7224 [egg-schedule]: register schedule C:\Users\lpz\Projects\youtubeclone-egg\node_modules\egg-logrotator\app\schedule\clean_log.js
2021-01-19 18:53:00,401 INFO 7224 [egg-schedule]: register schedule C:\Users\lpz\Projects\youtubeclone-egg\node_modules\egg-logrotator\app\schedule\rotate_by_file.js
2021-01-19 18:53:21,840 INFO 14488 [egg-schedule]: register schedule C:\Users\lpz\Projects\youtubeclone-egg\node_modules\egg-multipart\app\schedule\clean_tmpdir.js
2021-01-19 18:53:21,840 INFO 14488 [egg-schedule]: register schedule C:\Users\lpz\Projects\youtubeclone-egg\node_modules\egg-logrotator\app\schedule\clean_log.js
2021-01-19 18:53:21,840 INFO 14488 [egg-schedule]: register schedule C:\Users\lpz\Projects\youtubeclone-egg\node_modules\egg-logrotator\app\schedule\rotate_by_file.js
2021-01-19 18:53:27,517 INFO 20816 [egg-schedule]: register schedule C:\Users\lpz\Projects\youtubeclone-egg\node_modules\egg-multipart\app\schedule\clean_tmpdir.js
2021-01-19 18:53:27,517 INFO 20816 [egg-schedule]: register schedule C:\Users\lpz\Projects\youtubeclone-egg\node_modules\egg-logrotator\app\schedule\clean_log.js
2021-01-19 18:53:27,517 INFO 20816 [egg-schedule]: register schedule C:\Users\lpz\Projects\youtubeclone-egg\node_modules\egg-logrotator\app\schedule\rotate_by_file.js
2021-01-19 18:53:28,037 INFO 30820 [Timer] C:\Users\lpz\Projects\youtubeclone-egg\node_modules\egg-multipart\app\schedule\clean_tmpdir.js next time will execute after 34591966ms at 2021-01-20 04:30:00.003
2021-01-19 18:53:28,037 INFO 30820 [Timer] C:\Users\lpz\Projects\youtubeclone-egg\node_modules\egg-logrotator\app\schedule\clean_log.js next time will execute after 18391963ms at 2021-01-20 00:00:00.000
2021-01-19 18:53:28,037 INFO 30820 [Timer] C:\Users\lpz\Projects\youtubeclone-egg\node_modules\egg-logrotator\app\schedule\rotate_by_file.js next time will execute after 18392963ms at 2021-01-20 00:00:01.000
2021-01-19 18:54:11,202 INFO 2300 [egg-schedule]: register schedule C:\Users\lpz\Projects\youtubeclone-egg\node_modules\egg-multipart\app\schedule\clean_tmpdir.js
2021-01-19 18:54:11,202 INFO 2300 [egg-schedule]: register schedule C:\Users\lpz\Projects\youtubeclone-egg\node_modules\egg-logrotator\app\schedule\clean_log.js
2021-01-19 18:54:11,202 INFO 2300 [egg-schedule]: register schedule C:\Users\lpz\Projects\youtubeclone-egg\node_modules\egg-logrotator\app\schedule\rotate_by_file.js
2021-01-19 18:54:20,045 INFO 18372 [egg-schedule]: register schedule C:\Users\lpz\Projects\youtubeclone-egg\node_modules\egg-multipart\app\schedule\clean_tmpdir.js
2021-01-19 18:54:20,045 INFO 18372 [egg-schedule]: register schedule C:\Users\lpz\Projects\youtubeclone-egg\node_modules\egg-logrotator\app\schedule\clean_log.js
2021-01-19 18:54:20,045 INFO 18372 [egg-schedule]: register schedule C:\Users\lpz\Projects\youtubeclone-egg\node_modules\egg-logrotator\app\schedule\rotate_by_file.js
2021-01-19 18:54:29,829 INFO 18940 [egg-schedule]: register schedule C:\Users\lpz\Projects\youtubeclone-egg\node_modules\egg-multipart\app\schedule\clean_tmpdir.js
2021-01-19 18:54:29,829 INFO 18940 [egg-schedule]: register schedule C:\Users\lpz\Projects\youtubeclone-egg\node_modules\egg-logrotator\app\schedule\clean_log.js
2021-01-19 18:54:29,829 INFO 18940 [egg-schedule]: register schedule C:\Users\lpz\Projects\youtubeclone-egg\node_modules\egg-logrotator\app\schedule\rotate_by_file.js
2021-01-19 18:55:01,890 INFO 10256 [egg-schedule]: register schedule C:\Users\lpz\Projects\youtubeclone-egg\node_modules\egg-multipart\app\schedule\clean_tmpdir.js
2021-01-19 18:55:01,890 INFO 10256 [egg-schedule]: register schedule C:\Users\lpz\Projects\youtubeclone-egg\node_modules\egg-logrotator\app\schedule\clean_log.js
2021-01-19 18:55:01,890 INFO 10256 [egg-schedule]: register schedule C:\Users\lpz\Projects\youtubeclone-egg\node_modules\egg-logrotator\app\schedule\rotate_by_file.js
2021-01-19 19:03:10,002 INFO 12256 [egg-schedule]: register schedule C:\Users\lpz\Projects\youtubeclone-egg\node_modules\egg-multipart\app\schedule\clean_tmpdir.js
2021-01-19 19:03:10,002 INFO 12256 [egg-schedule]: register schedule C:\Users\lpz\Projects\youtubeclone-egg\node_modules\egg-logrotator\app\schedule\clean_log.js
2021-01-19 19:03:10,002 INFO 12256 [egg-schedule]: register schedule C:\Users\lpz\Projects\youtubeclone-egg\node_modules\egg-logrotator\app\schedule\rotate_by_file.js
2021-01-19 19:03:59,506 INFO 28676 [egg-schedule]: register schedule C:\Users\lpz\Projects\youtubeclone-egg\node_modules\egg-multipart\app\schedule\clean_tmpdir.js
2021-01-19 19:03:59,506 INFO 28676 [egg-schedule]: register schedule C:\Users\lpz\Projects\youtubeclone-egg\node_modules\egg-logrotator\app\schedule\clean_log.js
2021-01-19 19:03:59,506 INFO 28676 [egg-schedule]: register schedule C:\Users\lpz\Projects\youtubeclone-egg\node_modules\egg-logrotator\app\schedule\rotate_by_file.js
2021-01-19 19:06:13,311 INFO 13412 [egg-schedule]: register schedule C:\Users\lpz\Projects\youtubeclone-egg\node_modules\egg-multipart\app\schedule\clean_tmpdir.js
2021-01-19 19:06:13,311 INFO 13412 [egg-schedule]: register schedule C:\Users\lpz\Projects\youtubeclone-egg\node_modules\egg-logrotator\app\schedule\clean_log.js
2021-01-19 19:06:13,311 INFO 13412 [egg-schedule]: register schedule C:\Users\lpz\Projects\youtubeclone-egg\node_modules\egg-logrotator\app\schedule\rotate_by_file.js
2021-01-19 19:07:29,346 INFO 32268 [egg-schedule]: register schedule C:\Users\lpz\Projects\youtubeclone-egg\node_modules\egg-multipart\app\schedule\clean_tmpdir.js
2021-01-19 19:07:29,346 INFO 32268 [egg-schedule]: register schedule C:\Users\lpz\Projects\youtubeclone-egg\node_modules\egg-logrotator\app\schedule\clean_log.js
2021-01-19 19:07:29,346 INFO 32268 [egg-schedule]: register schedule C:\Users\lpz\Projects\youtubeclone-egg\node_modules\egg-logrotator\app\schedule\rotate_by_file.js
2021-01-19 19:07:31,113 INFO 28856 [egg-schedule]: register schedule C:\Users\lpz\Projects\youtubeclone-egg\node_modules\egg-multipart\app\schedule\clean_tmpdir.js
2021-01-19 19:07:31,113 INFO 28856 [egg-schedule]: register schedule C:\Users\lpz\Projects\youtubeclone-egg\node_modules\egg-logrotator\app\schedule\clean_log.js
2021-01-19 19:07:31,113 INFO 28856 [egg-schedule]: register schedule C:\Users\lpz\Projects\youtubeclone-egg\node_modules\egg-logrotator\app\schedule\rotate_by_file.js
2021-01-19 19:54:07,897 INFO 25524 [egg-schedule]: register schedule C:\Users\lpz\Projects\youtubeclone-egg\node_modules\egg-multipart\app\schedule\clean_tmpdir.js
2021-01-19 19:54:07,897 INFO 25524 [egg-schedule]: register schedule C:\Users\lpz\Projects\youtubeclone-egg\node_modules\egg-logrotator\app\schedule\clean_log.js
2021-01-19 19:54:07,897 INFO 25524 [egg-schedule]: register schedule C:\Users\lpz\Projects\youtubeclone-egg\node_modules\egg-logrotator\app\schedule\rotate_by_file.js
2021-01-19 19:54:09,399 INFO 16248 [egg-schedule]: register schedule C:\Users\lpz\Projects\youtubeclone-egg\node_modules\egg-multipart\app\schedule\clean_tmpdir.js
2021-01-19 19:54:09,399 INFO 16248 [egg-schedule]: register schedule C:\Users\lpz\Projects\youtubeclone-egg\node_modules\egg-logrotator\app\schedule\clean_log.js
2021-01-19 19:54:09,399 INFO 16248 [egg-schedule]: register schedule C:\Users\lpz\Projects\youtubeclone-egg\node_modules\egg-logrotator\app\schedule\rotate_by_file.js
2021-01-19 19:55:09,006 INFO 5656 [egg-schedule]: register schedule C:\Users\lpz\Projects\youtubeclone-egg\node_modules\egg-multipart\app\schedule\clean_tmpdir.js
2021-01-19 19:55:09,006 INFO 5656 [egg-schedule]: register schedule C:\Users\lpz\Projects\youtubeclone-egg\node_modules\egg-logrotator\app\schedule\clean_log.js
2021-01-19 19:55:09,006 INFO 5656 [egg-schedule]: register schedule C:\Users\lpz\Projects\youtubeclone-egg\node_modules\egg-logrotator\app\schedule\rotate_by_file.js
2021-01-19 19:59:18,952 INFO 1332 [egg-schedule]: register schedule C:\Users\lpz\Projects\youtubeclone-egg\node_modules\egg-multipart\app\schedule\clean_tmpdir.js
2021-01-19 19:59:18,952 INFO 1332 [egg-schedule]: register schedule C:\Users\lpz\Projects\youtubeclone-egg\node_modules\egg-logrotator\app\schedule\clean_log.js
2021-01-19 19:59:18,952 INFO 1332 [egg-schedule]: register schedule C:\Users\lpz\Projects\youtubeclone-egg\node_modules\egg-logrotator\app\schedule\rotate_by_file.js
